<?xml version="1.0" encoding="UTF-8"?>
<!-- Generated by org.testng.reporters.JUnitReportReporter -->
<testsuite skipped="1" hostname="DESKTOP-8PMTVOS" name="com.learnautomation.testcases.LoginTest" tests="3" failures="0" timestamp="22 Apr 2020 14:55:08 GMT" time="4.642" errors="0">
  <testcase name="logintest" time="3.127" classname="com.learnautomation.testcases.LoginTest"/>
  <testcase name="logouttest" time="1.270" classname="com.learnautomation.testcases.LoginTest"/>
  <testcase name="refreshtest" time="0.245" classname="com.learnautomation.testcases.LoginTest">
    <skipped/>
  </testcase> <!-- refreshtest -->
</testsuite> <!-- com.learnautomation.testcases.LoginTest -->
